<?xml version="1.0" encoding="UTF-8" ?>
<testsuite errors="0" failures="0" hostname="Kellys-MacBook-Pro-3.local" name="com.flatironschool.javacs.MyArrayListTest" skipped="0" tests="19" time="1.405" timestamp="2016-05-20T02:31:20">
  <properties>
    <property name="java.vendor" value="Oracle Corporation" />
    <property name="sun.java.launcher" value="SUN_STANDARD" />
    <property name="env.XPC_SERVICE_NAME" value="0" />
    <property name="sun.management.compiler" value="HotSpot 64-Bit Tiered Compilers" />
    <property name="env.SECURITYSESSIONID" value="186a6" />
    <property name="env._system_arch" value="x86_64" />
    <property name="env.GEM_HOME" value="/Users/kellyliu/.rvm/gems/ruby-2.3.0" />
    <property name="os.name" value="Mac OS X" />
    <property name="sun.boot.class.path" value="/Library/Java/JavaVirtualMachines/jdk1.8.0_77.jdk/Contents/Home/jre/lib/resources.jar:/Library/Java/JavaVirtualMachines/jdk1.8.0_77.jdk/Contents/Home/jre/lib/rt.jar:/Library/Java/JavaVirtualMachines/jdk1.8.0_77.jdk/Contents/Home/jre/lib/sunrsasign.jar:/Library/Java/JavaVirtualMachines/jdk1.8.0_77.jdk/Contents/Home/jre/lib/jsse.jar:/Library/Java/JavaVirtualMachines/jdk1.8.0_77.jdk/Contents/Home/jre/lib/jce.jar:/Library/Java/JavaVirtualMachines/jdk1.8.0_77.jdk/Contents/Home/jre/lib/charsets.jar:/Library/Java/JavaVirtualMachines/jdk1.8.0_77.jdk/Contents/Home/jre/lib/jfr.jar:/Library/Java/JavaVirtualMachines/jdk1.8.0_77.jdk/Contents/Home/jre/classes" />
    <property name="env.TMPDIR" value="/var/folders/m6/rhqf2d0j1g141pjzv5ldztgc0000gn/T/" />
    <property name="env.PWD" value="/Users/kellyliu/Documents/personal/google_code_u/cs-implementing-an-arraylist-lab-codeU" />
    <property name="env.LANG" value="en_US.UTF-8" />
    <property name="java.vm.specification.vendor" value="Oracle Corporation" />
    <property name="ant.home" value="/usr/local/Cellar/ant/1.9.6/libexec" />
    <property name="java.runtime.version" value="1.8.0_77-b03" />
    <property name="env.MY_RUBY_HOME" value="/Users/kellyliu/.rvm/rubies/ruby-2.3.0" />
    <property name="env.Apple_PubSub_Socket_Render" value="/private/tmp/com.apple.launchd.6QlfZlU1uT/Render" />
    <property name="env.rvm_version" value="1.27.0 (latest)" />
    <property name="user.name" value="kellyliu" />
    <property name="env.USER" value="kellyliu" />
    <property name="env.SHELL" value="/bin/bash" />
    <property name="env.__CF_USER_TEXT_ENCODING" value="0x1F5:0x0:0x0" />
    <property name="env._system_type" value="Darwin" />
    <property name="env.PATH" value="/Users/kellyliu/.rvm/gems/ruby-2.3.0/bin:/Users/kellyliu/.rvm/gems/ruby-2.3.0@global/bin:/Users/kellyliu/.rvm/rubies/ruby-2.3.0/bin:/Library/Frameworks/Python.framework/Versions/3.4/bin:/usr/local/bin:/usr/bin:/bin:/usr/sbin:/sbin:/usr/texbin:/Users/kellyliu/.rvm/bin:/Applications/Postgres.app/Contents/Versions/latest/bin:/Users/kellyliu/.rvm/bin" />
    <property name="user.language" value="en" />
    <property name="env.rvm_prefix" value="/Users/kellyliu" />
    <property name="sun.boot.library.path" value="/Library/Java/JavaVirtualMachines/jdk1.8.0_77.jdk/Contents/Home/jre/lib" />
    <property name="ant.project.default-target" value="build" />
    <property name="env.XPC_FLAGS" value="0x0" />
    <property name="ant.project.name" value="JavaCS" />
    <property name="env.rvm_path" value="/Users/kellyliu/.rvm" />
    <property name="env.RUBY_VERSION" value="ruby-2.3.0" />
    <property name="java.version" value="1.8.0_77" />
    <property name="user.timezone" value="" />
    <property name="sun.arch.data.model" value="64" />
    <property name="env._system_name" value="OSX" />
    <property name="http.nonProxyHosts" value="local|*.local|169.254/16|*.169.254/16" />
    <property name="java.endorsed.dirs" value="/Library/Java/JavaVirtualMachines/jdk1.8.0_77.jdk/Contents/Home/jre/lib/endorsed" />
    <property name="sun.cpu.isalist" value="" />
    <property name="sun.jnu.encoding" value="UTF-8" />
    <property name="env.rvm_bin_path" value="/Users/kellyliu/.rvm/bin" />
    <property name="file.encoding.pkg" value="sun.io" />
    <property name="env.SHLVL" value="3" />
    <property name="file.separator" value="/" />
    <property name="env._system_version" value="10.10" />
    <property name="java.specification.name" value="Java Platform API Specification" />
    <property name="java.class.version" value="52.0" />
    <property name="user.country" value="US" />
    <property name="ant.file.JavaCS" value="/Users/kellyliu/Documents/personal/google_code_u/cs-implementing-an-arraylist-lab-codeU/javacs-lab02/build.xml" />
    <property name="java.home" value="/Library/Java/JavaVirtualMachines/jdk1.8.0_77.jdk/Contents/Home/jre" />
    <property name="java.vm.info" value="mixed mode" />
    <property name="env.LOGNAME" value="kellyliu" />
    <property name="env.PYTHONSTARTUP" value="/Users/kellyliu/.pythonrc.py" />
    <property name="ant.file" value="/Users/kellyliu/Documents/personal/google_code_u/cs-implementing-an-arraylist-lab-codeU/javacs-lab02/build.xml" />
    <property name="os.version" value="10.10.5" />
    <property name="env.TERM_PROGRAM_VERSION" value="343.7" />
    <property name="path.separator" value=":" />
    <property name="env._ORIGINAL_GEM_PATH" value="/Users/kellyliu/.rvm/gems/ruby-2.3.0:/Users/kellyliu/.rvm/gems/ruby-2.3.0@global" />
    <property name="java.vm.version" value="25.77-b03" />
    <property name="ant.library.dir" value="/usr/local/Cellar/ant/1.9.6/libexec/lib" />
    <property name="junit.output.dir" value="junit" />
    <property name="env.IRBRC" value="/Users/kellyliu/.rvm/rubies/ruby-2.3.0/.irbrc" />
    <property name="java.awt.printerjob" value="sun.lwawt.macosx.CPrinterJob" />
    <property name="env.TERM" value="xterm-256color" />
    <property name="sun.io.unicode.encoding" value="UnicodeBig" />
    <property name="awt.toolkit" value="sun.lwawt.macosx.LWCToolkit" />
    <property name="socksNonProxyHosts" value="local|*.local|169.254/16|*.169.254/16" />
    <property name="ftp.nonProxyHosts" value="local|*.local|169.254/16|*.169.254/16" />
    <property name="env.JAVA_MAIN_CLASS_4377" value="org.apache.tools.ant.launch.Launcher" />
    <property name="env.GEM_PATH" value="/Users/kellyliu/.rvm/gems/ruby-2.3.0:/Users/kellyliu/.rvm/gems/ruby-2.3.0@global" />
    <property name="target" value="1.6" />
    <property name="user.home" value="/Users/kellyliu" />
    <property name="java.specification.vendor" value="Oracle Corporation" />
    <property name="env.TERM_PROGRAM" value="Apple_Terminal" />
    <property name="java.vendor.url" value="http://java.oracle.com/" />
    <property name="java.library.path" value="/Users/kellyliu/Library/Java/Extensions:/Library/Java/Extensions:/Network/Library/Java/Extensions:/System/Library/Java/Extensions:/usr/lib/java:." />
    <property name="java.vm.vendor" value="Oracle Corporation" />
    <property name="gopherProxySet" value="false" />
    <property name="java.runtime.name" value="Java(TM) SE Runtime Environment" />
    <property name="ant.version" value="Apache Ant(TM) version 1.9.6 compiled on June 29 2015" />
    <property name="java.class.path" value="/Users/kellyliu/Documents/personal/google_code_u/cs-implementing-an-arraylist-lab-codeU/javacs-lab02/bin:/Users/kellyliu/Documents/personal/google_code_u/cs-implementing-an-arraylist-lab-codeU/javacs-lab02/lib/junit-4.12.jar:/Users/kellyliu/Documents/personal/google_code_u/cs-implementing-an-arraylist-lab-codeU/javacs-lab02/lib/hamcrest-core-1.3.jar:/usr/local/Cellar/ant/1.9.6/libexec/lib/ant-launcher.jar:/usr/local/Cellar/ant/1.9.6/libexec/lib/ant.jar:/usr/local/Cellar/ant/1.9.6/libexec/lib/ant-junit.jar:/usr/local/Cellar/ant/1.9.6/libexec/lib/ant-junit4.jar" />
    <property name="sun.java.command" value="org.apache.tools.ant.taskdefs.optional.junit.JUnitTestRunner com.flatironschool.javacs.MyArrayListTest skipNonTests=false filtertrace=true haltOnError=false haltOnFailure=false formatter=org.apache.tools.ant.taskdefs.optional.junit.OutErrSummaryJUnitResultFormatter showoutput=false outputtoformatters=true logfailedtests=true threadid=0 logtestlistenerevents=false formatter=org.apache.tools.ant.taskdefs.optional.junit.XMLJUnitResultFormatter,/Users/kellyliu/Documents/personal/google_code_u/cs-implementing-an-arraylist-lab-codeU/javacs-lab02/junit/TEST-com.flatironschool.javacs.MyArrayListTest.xml formatter=org.apache.tools.ant.taskdefs.optional.junit.PlainJUnitResultFormatter crashfile=/Users/kellyliu/Documents/personal/google_code_u/cs-implementing-an-arraylist-lab-codeU/javacs-lab02/junitvmwatcher6817732814505973218.properties propsfile=/Users/kellyliu/Documents/personal/google_code_u/cs-implementing-an-arraylist-lab-codeU/javacs-lab02/junit2610007193453468078.properties" />
    <property name="env.TERM_SESSION_ID" value="7EE1C645-069A-4A22-A2B3-E61BE6B00BA3" />
    <property name="ant.file.type.JavaCS" value="file" />
    <property name="java.vm.specification.name" value="Java Virtual Machine Specification" />
    <property name="ant.file.type" value="file" />
    <property name="java.vm.specification.version" value="1.8" />
    <property name="sun.os.patch.level" value="unknown" />
    <property name="sun.cpu.endian" value="little" />
    <property name="env.HOME" value="/Users/kellyliu" />
    <property name="debuglevel" value="source,lines,vars" />
    <property name="java.io.tmpdir" value="/var/folders/m6/rhqf2d0j1g141pjzv5ldztgc0000gn/T/" />
    <property name="java.vendor.url.bug" value="http://bugreport.sun.com/bugreport/" />
    <property name="env.SSH_AUTH_SOCK" value="/private/tmp/com.apple.launchd.ohHaoft3XY/Listeners" />
    <property name="os.arch" value="x86_64" />
    <property name="java.awt.graphicsenv" value="sun.awt.CGraphicsEnvironment" />
    <property name="java.ext.dirs" value="/Users/kellyliu/Library/Java/Extensions:/Library/Java/JavaVirtualMachines/jdk1.8.0_77.jdk/Contents/Home/jre/lib/ext:/Library/Java/Extensions:/Network/Library/Java/Extensions:/System/Library/Java/Extensions:/usr/lib/java" />
    <property name="user.dir" value="/Users/kellyliu/Documents/personal/google_code_u/cs-implementing-an-arraylist-lab-codeU" />
    <property name="line.separator" value="&#xa;" />
    <property name="java.vm.name" value="Java HotSpot(TM) 64-Bit Server VM" />
    <property name="basedir" value="/Users/kellyliu/Documents/personal/google_code_u/cs-implementing-an-arraylist-lab-codeU/javacs-lab02" />
    <property name="ant.java.version" value="1.8" />
    <property name="ant.core.lib" value="/usr/local/Cellar/ant/1.9.6/libexec/lib/ant.jar" />
    <property name="source" value="1.6" />
    <property name="file.encoding" value="UTF-8" />
    <property name="java.specification.version" value="1.8" />
    <property name="ant.project.invoked-targets" value="test" />
  </properties>
  <testcase classname="com.flatironschool.javacs.MyArrayListTest" name="testToArray" time="0.049" />
  <testcase classname="com.flatironschool.javacs.MyArrayListTest" name="testAddIntT" time="0.001" />
  <testcase classname="com.flatironschool.javacs.MyArrayListTest" name="testGet" time="0.001" />
  <testcase classname="com.flatironschool.javacs.MyArrayListTest" name="testSet" time="0.001" />
  <testcase classname="com.flatironschool.javacs.MyArrayListTest" name="testAddAllCollectionOfQextendsT" time="0.001" />
  <testcase classname="com.flatironschool.javacs.MyArrayListTest" name="testClear" time="0.0" />
  <testcase classname="com.flatironschool.javacs.MyArrayListTest" name="testAddT" time="0.0" />
  <testcase classname="com.flatironschool.javacs.MyArrayListTest" name="testSize" time="0.001" />
  <testcase classname="com.flatironschool.javacs.MyArrayListTest" name="testLastIndexOf" time="0.001" />
  <testcase classname="com.flatironschool.javacs.MyArrayListTest" name="testMyArrayList" time="0.0" />
  <testcase classname="com.flatironschool.javacs.MyArrayListTest" name="testContainsAll" time="0.0" />
  <testcase classname="com.flatironschool.javacs.MyArrayListTest" name="testRemoveObject" time="0.001" />
  <testcase classname="com.flatironschool.javacs.MyArrayListTest" name="testContains" time="0.0" />
  <testcase classname="com.flatironschool.javacs.MyArrayListTest" name="testIndexOf" time="0.0" />
  <testcase classname="com.flatironschool.javacs.MyArrayListTest" name="testIsEmpty" time="0.0" />
  <testcase classname="com.flatironschool.javacs.MyArrayListTest" name="testIterator" time="0.002" />
  <testcase classname="com.flatironschool.javacs.MyArrayListTest" name="testRemoveAll" time="0.001" />
  <testcase classname="com.flatironschool.javacs.MyArrayListTest" name="testRemoveInt" time="0.0" />
  <testcase classname="com.flatironschool.javacs.MyArrayListTest" name="testSubList" time="0.0" />
  <system-out><![CDATA[]]></system-out>
  <system-err><![CDATA[]]></system-err>
</testsuite>
